<assembly
		xmlns="http://maven.apache.org/plugins/maven-assembly-plugin/assembly/1.1.0"
		xmlns:xsi="http://www.w3.org/2001/XMLSchema-instance"
		xsi:schemaLocation="http://maven.apache.org/plugins/maven-assembly-plugin/assembly/1.1.0 http://maven.apache.org/xsd/assembly-1.1.0.xsd">
	<id>bin</id>
	<formats>
		<format>tar.gz</format>
		<format>tar.bz2</format>
		<format>zip</format>
	</formats>
	<fileSets>
		<fileSet>
			<directory>${project.basedir}</directory>
			<outputDirectory>/</outputDirectory>
			<includes>
				<include>README*</include>
				<include>LICENSE*</include>
				<include>NOTICE*</include>
			</includes>
		</fileSet>
		<fileSet>
			<directory>${project.build.directory}</directory>
			<outputDirectory>/bin</outputDirectory>
			<includes>
				<include>*.jar</include>
			</includes>
			<excludes>
				<exclude>*sources*</exclude>
				<exclude>*javadoc*</exclude>
			</excludes>
		</fileSet>

		<fileSet>
			<directory>${project.basedir}/src/main/scripts</directory>
			<outputDirectory>/bin</outputDirectory>
			<includes>
				<include>**/*.*</include>
			</includes>
			<fileMode>0755</fileMode>
		</fileSet>

		<fileSet>
			<directory>${project.basedir}/src/main/config</directory>
			<outputDirectory>/conf</outputDirectory>
			<includes>
				<include>**/*.*</include>
			</includes>
		</fileSet>
	</fileSets>

	<includeBaseDirectory>true</includeBaseDirectory>
	<dependencySets>
		<dependencySet>
			<outputDirectory>/lib</outputDirectory>
			<useProjectArtifact>true</useProjectArtifact>
			<useProjectAttachments>true</useProjectAttachments>
			<unpack>false</unpack>
			<scope>runtime</scope>
		</dependencySet>
	</dependencySets>
</assembly>